execve("/usr/bin/bash", ["bash", "z1_1.sh"], 0x7ffe4d2756c8 /* 73 vars */) = 0
brk(NULL)                               = 0x5562fe2ba000
access("/etc/ld.so.preload", R_OK)      = -1 ENOENT (No such file or directory)
openat(AT_FDCWD, "/etc/ld.so.cache", O_RDONLY|O_CLOEXEC) = 3
fstat(3, {st_mode=S_IFREG|0644, st_size=162703, ...}) = 0
mmap(NULL, 162703, PROT_READ, MAP_PRIVATE, 3, 0) = 0x7f783da25000
close(3)                                = 0
openat(AT_FDCWD, "/usr/lib/libreadline.so.8", O_RDONLY|O_CLOEXEC) = 3
read(3, "\177ELF\2\1\1\0\0\0\0\0\0\0\0\0\3\0>\0\1\0\0\0\0\0\0\0\0\0\0\0"..., 832) = 832
fstat(3, {st_mode=S_IFREG|0755, st_size=351184, ...}) = 0
mmap(NULL, 8192, PROT_READ|PROT_WRITE, MAP_PRIVATE|MAP_ANONYMOUS, -1, 0) = 0x7f783da23000
mmap(NULL, 355000, PROT_READ, MAP_PRIVATE|MAP_DENYWRITE, 3, 0) = 0x7f783d9cc000
mmap(0x7f783d9e3000, 180224, PROT_READ|PROT_EXEC, MAP_PRIVATE|MAP_FIXED|MAP_DENYWRITE, 3, 0x17000) = 0x7f783d9e3000
mmap(0x7f783da0f000, 40960, PROT_READ, MAP_PRIVATE|MAP_FIXED|MAP_DENYWRITE, 3, 0x43000) = 0x7f783da0f000
mmap(0x7f783da19000, 36864, PROT_READ|PROT_WRITE, MAP_PRIVATE|MAP_FIXED|MAP_DENYWRITE, 3, 0x4d000) = 0x7f783da19000
mmap(0x7f783da22000, 2744, PROT_READ|PROT_WRITE, MAP_PRIVATE|MAP_FIXED|MAP_ANONYMOUS, -1, 0) = 0x7f783da22000
close(3)                                = 0
openat(AT_FDCWD, "/usr/lib/libc.so.6", O_RDONLY|O_CLOEXEC) = 3
read(3, "\177ELF\2\1\1\3\0\0\0\0\0\0\0\0\3\0>\0\1\0\0\0\220\236\2\0\0\0\0\0"..., 832) = 832
pread64(3, "\6\0\0\0\4\0\0\0@\0\0\0\0\0\0\0@\0\0\0\0\0\0\0@\0\0\0\0\0\0\0"..., 784, 64) = 784
fstat(3, {st_mode=S_IFREG|0755, st_size=1965296, ...}) = 0
pread64(3, "\6\0\0\0\4\0\0\0@\0\0\0\0\0\0\0@\0\0\0\0\0\0\0@\0\0\0\0\0\0\0"..., 784, 64) = 784
mmap(NULL, 1989488, PROT_READ, MAP_PRIVATE|MAP_DENYWRITE, 3, 0) = 0x7f783d7e6000
mmap(0x7f783d80e000, 1421312, PROT_READ|PROT_EXEC, MAP_PRIVATE|MAP_FIXED|MAP_DENYWRITE, 3, 0x28000) = 0x7f783d80e000
mmap(0x7f783d969000, 348160, PROT_READ, MAP_PRIVATE|MAP_FIXED|MAP_DENYWRITE, 3, 0x183000) = 0x7f783d969000
mmap(0x7f783d9be000, 24576, PROT_READ|PROT_WRITE, MAP_PRIVATE|MAP_FIXED|MAP_DENYWRITE, 3, 0x1d7000) = 0x7f783d9be000
mmap(0x7f783d9c4000, 31600, PROT_READ|PROT_WRITE, MAP_PRIVATE|MAP_FIXED|MAP_ANONYMOUS, -1, 0) = 0x7f783d9c4000
close(3)                                = 0
openat(AT_FDCWD, "/usr/lib/libncursesw.so.6", O_RDONLY|O_CLOEXEC) = 3
read(3, "\177ELF\2\1\1\0\0\0\0\0\0\0\0\0\3\0>\0\1\0\0\0\0\0\0\0\0\0\0\0"..., 832) = 832
fstat(3, {st_mode=S_IFREG|0755, st_size=486624, ...}) = 0
mmap(NULL, 486656, PROT_READ, MAP_PRIVATE|MAP_DENYWRITE, 3, 0) = 0x7f783d76f000
mmap(0x7f783d785000, 278528, PROT_READ|PROT_EXEC, MAP_PRIVATE|MAP_FIXED|MAP_DENYWRITE, 3, 0x16000) = 0x7f783d785000
mmap(0x7f783d7c9000, 98304, PROT_READ, MAP_PRIVATE|MAP_FIXED|MAP_DENYWRITE, 3, 0x5a000) = 0x7f783d7c9000
mmap(0x7f783d7e1000, 20480, PROT_READ|PROT_WRITE, MAP_PRIVATE|MAP_FIXED|MAP_DENYWRITE, 3, 0x72000) = 0x7f783d7e1000
close(3)                                = 0
mmap(NULL, 8192, PROT_READ|PROT_WRITE, MAP_PRIVATE|MAP_ANONYMOUS, -1, 0) = 0x7f783d76d000
arch_prctl(ARCH_SET_FS, 0x7f783d76db80) = 0
set_tid_address(0x7f783d76de50)         = 11648
set_robust_list(0x7f783d76de60, 24)     = 0
rseq(0x7f783d76e4a0, 0x20, 0, 0x53053053) = 0
mprotect(0x7f783d9be000, 16384, PROT_READ) = 0
mprotect(0x7f783d7e1000, 16384, PROT_READ) = 0
mprotect(0x7f783da19000, 12288, PROT_READ) = 0
mprotect(0x5562fccbd000, 12288, PROT_READ) = 0
mprotect(0x7f783da80000, 8192, PROT_READ) = 0
prlimit64(0, RLIMIT_STACK, NULL, {rlim_cur=8192*1024, rlim_max=RLIM64_INFINITY}) = 0
munmap(0x7f783da25000, 162703)          = 0
openat(AT_FDCWD, "/dev/tty", O_RDWR|O_NONBLOCK) = 3
close(3)                                = 0
getrandom("\x0b\x55\x58\x85\xc2\x9e\x22\x19", 8, GRND_NONBLOCK) = 8
brk(NULL)                               = 0x5562fe2ba000
brk(0x5562fe2db000)                     = 0x5562fe2db000
openat(AT_FDCWD, "/usr/lib/locale/locale-archive", O_RDONLY|O_CLOEXEC) = 3
fstat(3, {st_mode=S_IFREG|0644, st_size=5647072, ...}) = 0
mmap(NULL, 5647072, PROT_READ, MAP_PRIVATE, 3, 0) = 0x7f783d200000
close(3)                                = 0
openat(AT_FDCWD, "/usr/lib/gconv/gconv-modules.cache", O_RDONLY|O_CLOEXEC) = -1 ENOENT (No such file or directory)
openat(AT_FDCWD, "/usr/lib/gconv/gconv-modules", O_RDONLY|O_CLOEXEC) = 3
fstat(3, {st_mode=S_IFREG|0644, st_size=3916, ...}) = 0
read(3, "# GNU libc iconv configuration.\n"..., 4096) = 3916
read(3, "", 4096)                       = 0
close(3)                                = 0
openat(AT_FDCWD, "/usr/lib/gconv/gconv-modules.d", O_RDONLY|O_NONBLOCK|O_CLOEXEC|O_DIRECTORY) = 3
fstat(3, {st_mode=S_IFDIR|0755, st_size=4096, ...}) = 0
getdents64(3, 0x5562fe2bf0c0 /* 3 entries */, 32768) = 96
openat(AT_FDCWD, "/usr/lib/gconv/gconv-modules.d/gconv-modules-extra.conf", O_RDONLY|O_CLOEXEC) = 4
fstat(4, {st_mode=S_IFREG|0644, st_size=53974, ...}) = 0
read(4, "# GNU libc iconv configuration.\n"..., 4096) = 4096
read(4, "B1002//\tJUS_I.B1.002//\nmodule\tJU"..., 4096) = 4096
read(4, "59-5//\nalias\tISO_8859-5//\t\tISO-8"..., 4096) = 4096
read(4, "59-16//\t\tINTERNAL\t\tISO8859-16\t1\n"..., 4096) = 4096
read(4, "-SE-A\t1\nmodule\tINTERNAL\t\tEBCDIC-"..., 4096) = 4096
read(4, "97\t\t1\n\n#\tfrom\t\t\tto\t\t\tmodule\t\tcos"..., 4096) = 4096
read(4, "1\n\n#\tfrom\t\t\tto\t\t\tmodule\t\tcost\nal"..., 4096) = 4096
read(4, "6//\t\tIBM1046//\nalias\tCP1046//\t\tI"..., 4096) = 4096
read(4, "\tto\t\t\tmodule\t\tcost\nalias\tRUSCII/"..., 4096) = 4096
brk(0x5562fe2fc000)                     = 0x5562fe2fc000
read(4, "03//\nmodule\tCSN_369103//\t\tINTERN"..., 4096) = 4096
read(4, "\tmodule\t\tcost\nalias\tISO-IR-8-1//"..., 4096) = 4096
read(4, "IBM1156\t\t1\n\n#\tfrom\t\t\tto\t\t\tmodule"..., 4096) = 4096
read(4, "\t\tIBM1166//\nalias\tCP1166//\t\tIBM1"..., 4096) = 4096
read(4, "alias\tROMAN9//\t\tHP-ROMAN9//\nalia"..., 4096) = 726
read(4, "", 4096)                       = 0
close(4)                                = 0
getdents64(3, 0x5562fe2bf0c0 /* 0 entries */, 32768) = 0
close(3)                                = 0
futex(0x7f783d9c372c, FUTEX_WAKE_PRIVATE, 2147483647) = 0
getuid()                                = 1000
getgid()                                = 1000
geteuid()                               = 1000
getegid()                               = 1000
rt_sigprocmask(SIG_BLOCK, NULL, [], 8)  = 0
rt_sigaction(SIGCHLD, {sa_handler=SIG_DFL, sa_mask=[], sa_flags=SA_RESTORER|SA_RESTART, sa_restorer=0x7f783d826770}, {sa_handler=SIG_DFL, sa_mask=[], sa_flags=0}, 8) = 0
rt_sigaction(SIGCHLD, {sa_handler=SIG_DFL, sa_mask=[], sa_flags=SA_RESTORER|SA_RESTART, sa_restorer=0x7f783d826770}, {sa_handler=SIG_DFL, sa_mask=[], sa_flags=SA_RESTORER|SA_RESTART, sa_restorer=0x7f783d826770}, 8) = 0
rt_sigaction(SIGINT, {sa_handler=SIG_DFL, sa_mask=[], sa_flags=SA_RESTORER, sa_restorer=0x7f783d826770}, {sa_handler=SIG_DFL, sa_mask=[], sa_flags=0}, 8) = 0
rt_sigaction(SIGINT, {sa_handler=SIG_DFL, sa_mask=[], sa_flags=SA_RESTORER, sa_restorer=0x7f783d826770}, {sa_handler=SIG_DFL, sa_mask=[], sa_flags=SA_RESTORER, sa_restorer=0x7f783d826770}, 8) = 0
rt_sigaction(SIGQUIT, {sa_handler=SIG_DFL, sa_mask=[], sa_flags=SA_RESTORER, sa_restorer=0x7f783d826770}, {sa_handler=SIG_DFL, sa_mask=[], sa_flags=0}, 8) = 0
rt_sigaction(SIGQUIT, {sa_handler=SIG_DFL, sa_mask=[], sa_flags=SA_RESTORER, sa_restorer=0x7f783d826770}, {sa_handler=SIG_DFL, sa_mask=[], sa_flags=SA_RESTORER, sa_restorer=0x7f783d826770}, 8) = 0
rt_sigaction(SIGTSTP, {sa_handler=SIG_DFL, sa_mask=[], sa_flags=SA_RESTORER, sa_restorer=0x7f783d826770}, {sa_handler=SIG_DFL, sa_mask=[], sa_flags=0}, 8) = 0
rt_sigaction(SIGTSTP, {sa_handler=SIG_DFL, sa_mask=[], sa_flags=SA_RESTORER, sa_restorer=0x7f783d826770}, {sa_handler=SIG_DFL, sa_mask=[], sa_flags=SA_RESTORER, sa_restorer=0x7f783d826770}, 8) = 0
rt_sigaction(SIGTTIN, {sa_handler=SIG_DFL, sa_mask=[], sa_flags=SA_RESTORER, sa_restorer=0x7f783d826770}, {sa_handler=SIG_DFL, sa_mask=[], sa_flags=0}, 8) = 0
rt_sigaction(SIGTTIN, {sa_handler=SIG_DFL, sa_mask=[], sa_flags=SA_RESTORER, sa_restorer=0x7f783d826770}, {sa_handler=SIG_DFL, sa_mask=[], sa_flags=SA_RESTORER, sa_restorer=0x7f783d826770}, 8) = 0
rt_sigaction(SIGTTOU, {sa_handler=SIG_DFL, sa_mask=[], sa_flags=SA_RESTORER, sa_restorer=0x7f783d826770}, {sa_handler=SIG_DFL, sa_mask=[], sa_flags=0}, 8) = 0
rt_sigaction(SIGTTOU, {sa_handler=SIG_DFL, sa_mask=[], sa_flags=SA_RESTORER, sa_restorer=0x7f783d826770}, {sa_handler=SIG_DFL, sa_mask=[], sa_flags=SA_RESTORER, sa_restorer=0x7f783d826770}, 8) = 0
rt_sigprocmask(SIG_BLOCK, NULL, [], 8)  = 0
rt_sigaction(SIGQUIT, {sa_handler=SIG_IGN, sa_mask=[], sa_flags=SA_RESTORER, sa_restorer=0x7f783d826770}, {sa_handler=SIG_DFL, sa_mask=[], sa_flags=SA_RESTORER, sa_restorer=0x7f783d826770}, 8) = 0
uname({sysname="Linux", nodename="gk", ...}) = 0
newfstatat(AT_FDCWD, "/home/gk/Desktop/Studia/s6/linux/l4", {st_mode=S_IFDIR|0755, st_size=4096, ...}, 0) = 0
newfstatat(AT_FDCWD, ".", {st_mode=S_IFDIR|0755, st_size=4096, ...}, 0) = 0
newfstatat(AT_FDCWD, "/home", {st_mode=S_IFDIR|0755, st_size=4096, ...}, 0) = 0
newfstatat(AT_FDCWD, "/home/gk", {st_mode=S_IFDIR|0700, st_size=4096, ...}, 0) = 0
newfstatat(AT_FDCWD, "/home/gk/Desktop", {st_mode=S_IFDIR|0755, st_size=4096, ...}, 0) = 0
newfstatat(AT_FDCWD, "/home/gk/Desktop/Studia", {st_mode=S_IFDIR|0755, st_size=4096, ...}, 0) = 0
newfstatat(AT_FDCWD, "/home/gk/Desktop/Studia/s6", {st_mode=S_IFDIR|0755, st_size=4096, ...}, 0) = 0
newfstatat(AT_FDCWD, "/home/gk/Desktop/Studia/s6/linux", {st_mode=S_IFDIR|0755, st_size=4096, ...}, 0) = 0
newfstatat(AT_FDCWD, "/home/gk/Desktop/Studia/s6/linux/l4", {st_mode=S_IFDIR|0755, st_size=4096, ...}, 0) = 0
newfstatat(AT_FDCWD, "/home/gk/Desktop/Studia/s6/linux", {st_mode=S_IFDIR|0755, st_size=4096, ...}, 0) = 0
getpid()                                = 11648
getppid()                               = 11645
newfstatat(AT_FDCWD, ".", {st_mode=S_IFDIR|0755, st_size=4096, ...}, 0) = 0
newfstatat(AT_FDCWD, "/home/gk/.opam/default/bin/bash", 0x7fffaf901730, 0) = -1 ENOENT (No such file or directory)
newfstatat(AT_FDCWD, "/home/gk/.local/bin/bash", 0x7fffaf901730, 0) = -1 ENOENT (No such file or directory)
newfstatat(AT_FDCWD, "/usr/local/bin/bash", 0x7fffaf901730, 0) = -1 ENOENT (No such file or directory)
newfstatat(AT_FDCWD, "/usr/bin/bash", {st_mode=S_IFREG|0755, st_size=1112784, ...}, 0) = 0
newfstatat(AT_FDCWD, "/usr/bin/bash", {st_mode=S_IFREG|0755, st_size=1112784, ...}, 0) = 0
geteuid()                               = 1000
getegid()                               = 1000
getuid()                                = 1000
getgid()                                = 1000
access("/usr/bin/bash", X_OK)           = 0
newfstatat(AT_FDCWD, "/usr/bin/bash", {st_mode=S_IFREG|0755, st_size=1112784, ...}, 0) = 0
geteuid()                               = 1000
getegid()                               = 1000
getuid()                                = 1000
getgid()                                = 1000
access("/usr/bin/bash", R_OK)           = 0
getpid()                                = 11648
getppid()                               = 11645
getpid()                                = 11648
getppid()                               = 11645
getpgrp()                               = 11645
ioctl(2, TIOCGPGRP, [11645])            = 0
rt_sigaction(SIGCHLD, {sa_handler=0x5562fcc08d00, sa_mask=[], sa_flags=SA_RESTORER|SA_RESTART, sa_restorer=0x7f783d826770}, {sa_handler=SIG_DFL, sa_mask=[], sa_flags=SA_RESTORER|SA_RESTART, sa_restorer=0x7f783d826770}, 8) = 0
prlimit64(0, RLIMIT_NPROC, NULL, {rlim_cur=126712, rlim_max=126712}) = 0
rt_sigprocmask(SIG_BLOCK, NULL, [], 8)  = 0
openat(AT_FDCWD, "z1_1.sh", O_RDONLY)   = 3
newfstatat(AT_FDCWD, "z1_1.sh", {st_mode=S_IFREG|0644, st_size=85, ...}, 0) = 0
ioctl(3, TCGETS, 0x7fffaf901b70)        = -1 ENOTTY (Inappropriate ioctl for device)
lseek(3, 0, SEEK_CUR)                   = 0
read(3, "sleep 3\nbash ./czytaj 1 < wielow"..., 80) = 80
lseek(3, 0, SEEK_SET)                   = 0
prlimit64(0, RLIMIT_NOFILE, NULL, {rlim_cur=1024, rlim_max=512*1024}) = 0
fcntl(255, F_GETFD)                     = -1 EBADF (Bad file descriptor)
dup2(3, 255)                            = 255
close(3)                                = 0
fcntl(255, F_SETFD, FD_CLOEXEC)         = 0
fcntl(255, F_GETFL)                     = 0x8000 (flags O_RDONLY|O_LARGEFILE)
fstat(255, {st_mode=S_IFREG|0644, st_size=85, ...}) = 0
lseek(255, 0, SEEK_CUR)                 = 0
read(255, "sleep 3\nbash ./czytaj 1 < wielow"..., 85) = 85
newfstatat(AT_FDCWD, ".", {st_mode=S_IFDIR|0755, st_size=4096, ...}, 0) = 0
newfstatat(AT_FDCWD, "/home/gk/.opam/default/bin/sleep", 0x7fffaf9015d0, 0) = -1 ENOENT (No such file or directory)
newfstatat(AT_FDCWD, "/home/gk/.local/bin/sleep", 0x7fffaf9015d0, 0) = -1 ENOENT (No such file or directory)
newfstatat(AT_FDCWD, "/usr/local/bin/sleep", 0x7fffaf9015d0, 0) = -1 ENOENT (No such file or directory)
newfstatat(AT_FDCWD, "/usr/bin/sleep", {st_mode=S_IFREG|0755, st_size=34968, ...}, 0) = 0
newfstatat(AT_FDCWD, "/usr/bin/sleep", {st_mode=S_IFREG|0755, st_size=34968, ...}, 0) = 0
geteuid()                               = 1000
getegid()                               = 1000
getuid()                                = 1000
getgid()                                = 1000
access("/usr/bin/sleep", X_OK)          = 0
newfstatat(AT_FDCWD, "/usr/bin/sleep", {st_mode=S_IFREG|0755, st_size=34968, ...}, 0) = 0
geteuid()                               = 1000
getegid()                               = 1000
getuid()                                = 1000
getgid()                                = 1000
access("/usr/bin/sleep", R_OK)          = 0
rt_sigprocmask(SIG_BLOCK, NULL, [], 8)  = 0
rt_sigprocmask(SIG_BLOCK, [INT TERM CHLD], [], 8) = 0
lseek(255, -77, SEEK_CUR)               = 8
clone(child_stack=NULL, flags=CLONE_CHILD_CLEARTID|CLONE_CHILD_SETTID|SIGCHLD, child_tidptr=0x7f783d76de50) = 11649
rt_sigprocmask(SIG_SETMASK, [], NULL, 8) = 0
rt_sigprocmask(SIG_BLOCK, [CHLD], [], 8) = 0
rt_sigprocmask(SIG_SETMASK, [], NULL, 8) = 0
rt_sigprocmask(SIG_BLOCK, [CHLD], [], 8) = 0
rt_sigaction(SIGINT, {sa_handler=0x5562fcc0b1d0, sa_mask=[], sa_flags=SA_RESTORER, sa_restorer=0x7f783d826770}, {sa_handler=SIG_DFL, sa_mask=[], sa_flags=SA_RESTORER, sa_restorer=0x7f783d826770}, 8) = 0
wait4(-1, [{WIFEXITED(s) && WEXITSTATUS(s) == 0}], 0, NULL) = 11649
rt_sigaction(SIGINT, {sa_handler=SIG_DFL, sa_mask=[], sa_flags=SA_RESTORER, sa_restorer=0x7f783d826770}, {sa_handler=0x5562fcc0b1d0, sa_mask=[], sa_flags=SA_RESTORER, sa_restorer=0x7f783d826770}, 8) = 0
ioctl(2, TIOCGWINSZ, {ws_row=54, ws_col=211, ws_xpixel=0, ws_ypixel=0}) = 0
rt_sigprocmask(SIG_SETMASK, [], NULL, 8) = 0
--- SIGCHLD {si_signo=SIGCHLD, si_code=CLD_EXITED, si_pid=11649, si_uid=1000, si_status=0, si_utime=0, si_stime=0} ---
wait4(-1, 0x7fffaf900a10, WNOHANG, NULL) = -1 ECHILD (No child processes)
rt_sigreturn({mask=[]})                 = 0
read(255, "bash ./czytaj 1 < wielowierszowy"..., 85) = 77
rt_sigprocmask(SIG_BLOCK, NULL, [], 8)  = 0
rt_sigprocmask(SIG_BLOCK, [INT TERM CHLD], [], 8) = 0
lseek(255, -38, SEEK_CUR)               = 47
clone(child_stack=NULL, flags=CLONE_CHILD_CLEARTID|CLONE_CHILD_SETTID|SIGCHLD, child_tidptr=0x7f783d76de50) = 11656
rt_sigprocmask(SIG_SETMASK, [], NULL, 8) = 0
rt_sigprocmask(SIG_BLOCK, [CHLD], [], 8) = 0
rt_sigprocmask(SIG_BLOCK, [CHLD], [CHLD], 8) = 0
rt_sigprocmask(SIG_SETMASK, [CHLD], NULL, 8) = 0
rt_sigprocmask(SIG_BLOCK, [CHLD], [CHLD], 8) = 0
rt_sigprocmask(SIG_SETMASK, [CHLD], NULL, 8) = 0
rt_sigprocmask(SIG_BLOCK, [CHLD], [CHLD], 8) = 0
rt_sigprocmask(SIG_SETMASK, [CHLD], NULL, 8) = 0
rt_sigprocmask(SIG_SETMASK, [], NULL, 8) = 0
read(255, "bash ./czytaj 1.7 < wielowierszo"..., 85) = 38
read(255, "", 85)                       = 0
newfstatat(AT_FDCWD, ".", {st_mode=S_IFDIR|0755, st_size=4096, ...}, 0) = 0
newfstatat(AT_FDCWD, "/home/gk/.opam/default/bin/bash", 0x7fffaf9015d0, 0) = -1 ENOENT (No such file or directory)
newfstatat(AT_FDCWD, "/home/gk/.local/bin/bash", 0x7fffaf9015d0, 0) = -1 ENOENT (No such file or directory)
newfstatat(AT_FDCWD, "/usr/local/bin/bash", 0x7fffaf9015d0, 0) = -1 ENOENT (No such file or directory)
newfstatat(AT_FDCWD, "/usr/bin/bash", {st_mode=S_IFREG|0755, st_size=1112784, ...}, 0) = 0
newfstatat(AT_FDCWD, "/usr/bin/bash", {st_mode=S_IFREG|0755, st_size=1112784, ...}, 0) = 0
geteuid()                               = 1000
getegid()                               = 1000
getuid()                                = 1000
getgid()                                = 1000
access("/usr/bin/bash", X_OK)           = 0
newfstatat(AT_FDCWD, "/usr/bin/bash", {st_mode=S_IFREG|0755, st_size=1112784, ...}, 0) = 0
geteuid()                               = 1000
getegid()                               = 1000
getuid()                                = 1000
getgid()                                = 1000
access("/usr/bin/bash", R_OK)           = 0
rt_sigprocmask(SIG_BLOCK, NULL, [], 8)  = 0
rt_sigprocmask(SIG_BLOCK, [INT TERM CHLD], [], 8) = 0
clone(child_stack=NULL, flags=CLONE_CHILD_CLEARTID|CLONE_CHILD_SETTID|SIGCHLD, child_tidptr=0x7f783d76de50) = 11657
rt_sigprocmask(SIG_SETMASK, [], NULL, 8) = 0
rt_sigprocmask(SIG_BLOCK, [CHLD], [], 8) = 0
rt_sigprocmask(SIG_SETMASK, [], NULL, 8) = 0
rt_sigprocmask(SIG_BLOCK, [CHLD], [], 8) = 0
rt_sigaction(SIGINT, {sa_handler=0x5562fcc0b1d0, sa_mask=[], sa_flags=SA_RESTORER, sa_restorer=0x7f783d826770}, {sa_handler=SIG_DFL, sa_mask=[], sa_flags=SA_RESTORER, sa_restorer=0x7f783d826770}, 8) = 0
wait4(-1, [{WIFEXITED(s) && WEXITSTATUS(s) == 0}], 0, NULL) = 11656
wait4(-1, [{WIFEXITED(s) && WEXITSTATUS(s) == 0}], 0, NULL) = 11657
rt_sigaction(SIGINT, {sa_handler=SIG_DFL, sa_mask=[], sa_flags=SA_RESTORER, sa_restorer=0x7f783d826770}, {sa_handler=0x5562fcc0b1d0, sa_mask=[], sa_flags=SA_RESTORER, sa_restorer=0x7f783d826770}, 8) = 0
ioctl(2, TIOCGWINSZ, {ws_row=54, ws_col=211, ws_xpixel=0, ws_ypixel=0}) = 0
rt_sigprocmask(SIG_SETMASK, [], NULL, 8) = 0
--- SIGCHLD {si_signo=SIGCHLD, si_code=CLD_EXITED, si_pid=11656, si_uid=1000, si_status=0, si_utime=0, si_stime=0} ---
wait4(-1, 0x7fffaf900a10, WNOHANG, NULL) = -1 ECHILD (No child processes)
rt_sigreturn({mask=[]})                 = 0
read(255, "", 85)                       = 0
rt_sigprocmask(SIG_BLOCK, [CHLD], [], 8) = 0
rt_sigprocmask(SIG_SETMASK, [], NULL, 8) = 0
exit_group(0)                           = ?
+++ exited with 0 +++
